Aug 27, 2017 12:54:52 PM com.sun.corba.se.impl.orb.ORBImpl checkShutdownState
WARNING: "IOP01600004: (BAD_INV_ORDER) ORB has shutdown"
org.omg.CORBA.BAD_INV_ORDER:   vmcid: OMG  minor code: 4  completed: No
	at com.sun.corba.se.impl.logging.OMGSystemException.badOperationAfterShutdown(OMGSystemException.java:224)
	at com.sun.corba.se.impl.logging.OMGSystemException.badOperationAfterShutdown(OMGSystemException.java:246)
	at com.sun.corba.se.impl.orb.ORBImpl.checkShutdownState(ORBImpl.java:1333)
	at com.sun.corba.se.impl.orb.ORBImpl.peekInvocationInfo(ORBImpl.java:1531)
	at com.sun.corba.se.impl.protocol.CorbaMessageMediatorImpl.runServantPostInvoke(CorbaMessageMediatorImpl.java:2250)
	at com.sun.corba.se.impl.protocol.CorbaMessageMediatorImpl.createResponseHelper(CorbaMessageMediatorImpl.java:2189)
	at com.sun.corba.se.impl.protocol.CorbaMessageMediatorImpl.createResponseHelper(CorbaMessageMediatorImpl.java:2165)
	at com.sun.corba.se.impl.protocol.CorbaMessageMediatorImpl.createResponse(CorbaMessageMediatorImpl.java:2013)
	at com.sun.corba.se.impl.protocol.CorbaMessageMediatorImpl.createReply(CorbaMessageMediatorImpl.java:623)
	at Persistent.HelloPOA._invoke(HelloPOA.java:47)
	at com.sun.corba.se.impl.protocol.CorbaServerRequestDispatcherImpl.dispatchToServant(CorbaServerRequestDispatcherImpl.java:654)
	at com.sun.corba.se.impl.protocol.CorbaServerRequestDispatcherImpl.dispatch(CorbaServerRequestDispatcherImpl.java:205)
	at com.sun.corba.se.impl.protocol.CorbaMessageMediatorImpl.handleRequestRequest(CorbaMessageMediatorImpl.java:1700)
	at com.sun.corba.se.impl.protocol.CorbaMessageMediatorImpl.handleRequest(CorbaMessageMediatorImpl.java:1558)
	at com.sun.corba.se.impl.protocol.CorbaMessageMediatorImpl.handleInput(CorbaMessageMediatorImpl.java:940)
	at com.sun.corba.se.impl.protocol.giopmsgheaders.RequestMessage_1_2.callback(RequestMessage_1_2.java:198)
	at com.sun.corba.se.impl.protocol.CorbaMessageMediatorImpl.handleRequest(CorbaMessageMediatorImpl.java:712)
	at com.sun.corba.se.impl.transport.SocketOrChannelConnectionImpl.dispatch(SocketOrChannelConnectionImpl.java:474)
	at com.sun.corba.se.impl.transport.SocketOrChannelConnectionImpl.doWork(SocketOrChannelConnectionImpl.java:1237)
	at com.sun.corba.se.impl.orbutil.threadpool.ThreadPoolImpl$WorkerThread.performWork(ThreadPoolImpl.java:490)
	at com.sun.corba.se.impl.orbutil.threadpool.ThreadPoolImpl$WorkerThread.run(ThreadPoolImpl.java:519)

Aug 27, 2017 12:55:54 PM com.sun.corba.se.impl.orb.ORBImpl checkShutdownState
WARNING: "IOP01600004: (BAD_INV_ORDER) ORB has shutdown"
org.omg.CORBA.BAD_INV_ORDER:   vmcid: OMG  minor code: 4  completed: No
	at com.sun.corba.se.impl.logging.OMGSystemException.badOperationAfterShutdown(OMGSystemException.java:224)
	at com.sun.corba.se.impl.logging.OMGSystemException.badOperationAfterShutdown(OMGSystemException.java:246)
	at com.sun.corba.se.impl.orb.ORBImpl.checkShutdownState(ORBImpl.java:1333)
	at com.sun.corba.se.impl.orb.ORBImpl.peekInvocationInfo(ORBImpl.java:1531)
	at com.sun.corba.se.impl.protocol.CorbaMessageMediatorImpl.runServantPostInvoke(CorbaMessageMediatorImpl.java:2250)
	at com.sun.corba.se.impl.protocol.CorbaMessageMediatorImpl.createResponseHelper(CorbaMessageMediatorImpl.java:2189)
	at com.sun.corba.se.impl.protocol.CorbaMessageMediatorImpl.createResponseHelper(CorbaMessageMediatorImpl.java:2165)
	at com.sun.corba.se.impl.protocol.CorbaMessageMediatorImpl.createResponse(CorbaMessageMediatorImpl.java:2013)
	at com.sun.corba.se.impl.protocol.CorbaMessageMediatorImpl.createReply(CorbaMessageMediatorImpl.java:623)
	at Persistent.HelloPOA._invoke(HelloPOA.java:47)
	at com.sun.corba.se.impl.protocol.CorbaServerRequestDispatcherImpl.dispatchToServant(CorbaServerRequestDispatcherImpl.java:654)
	at com.sun.corba.se.impl.protocol.CorbaServerRequestDispatcherImpl.dispatch(CorbaServerRequestDispatcherImpl.java:205)
	at com.sun.corba.se.impl.protocol.CorbaMessageMediatorImpl.handleRequestRequest(CorbaMessageMediatorImpl.java:1700)
	at com.sun.corba.se.impl.protocol.CorbaMessageMediatorImpl.handleRequest(CorbaMessageMediatorImpl.java:1558)
	at com.sun.corba.se.impl.protocol.CorbaMessageMediatorImpl.handleInput(CorbaMessageMediatorImpl.java:940)
	at com.sun.corba.se.impl.protocol.giopmsgheaders.RequestMessage_1_2.callback(RequestMessage_1_2.java:198)
	at com.sun.corba.se.impl.protocol.CorbaMessageMediatorImpl.handleRequest(CorbaMessageMediatorImpl.java:712)
	at com.sun.corba.se.impl.transport.SocketOrChannelConnectionImpl.dispatch(SocketOrChannelConnectionImpl.java:474)
	at com.sun.corba.se.impl.transport.SocketOrChannelConnectionImpl.doWork(SocketOrChannelConnectionImpl.java:1237)
	at com.sun.corba.se.impl.orbutil.threadpool.ThreadPoolImpl$WorkerThread.performWork(ThreadPoolImpl.java:490)
	at com.sun.corba.se.impl.orbutil.threadpool.ThreadPoolImpl$WorkerThread.run(ThreadPoolImpl.java:519)

